[0527/195545.931:ERROR:file_io.cc(89)] ReadExactly: expected 36, observed 0
[0601/170259.271:ERROR:process_memory_win.cc(73)] ReadMemory at 0x7ff654620000 of 64 bytes failed: Only part of a ReadProcessMemory or WriteProcessMemory request was completed. (0x12B)
[0601/170259.406:WARNING:pe_image_reader.cc(340)] could not read dos header from C:\Program Files (x86)\Google\Chrome\Application\chrome.exe
[0601/170259.406:ERROR:process_memory_win.cc(73)] ReadMemory at 0x7ffb8d1e0000 of 64 bytes failed: Only part of a ReadProcessMemory or WriteProcessMemory request was completed. (0x12B)
[0601/170259.407:WARNING:pe_image_reader.cc(340)] could not read dos header from C:\WINDOWS\SYSTEM32\ntdll.dll
[0601/170259.407:ERROR:process_memory_win.cc(73)] ReadMemory at 0x7ffb8c4b0000 of 64 bytes failed: Only part of a ReadProcessMemory or WriteProcessMemory request was completed. (0x12B)
[0601/170259.407:WARNING:pe_image_reader.cc(340)] could not read dos header from C:\WINDOWS\System32\KERNEL32.DLL
[0601/170259.407:ERROR:process_memory_win.cc(73)] ReadMemory at 0x7ffb8a3a0000 of 64 bytes failed: Only part of a ReadProcessMemory or WriteProcessMemory request was completed. (0x12B)
[0601/170259.407:WARNING:pe_image_reader.cc(340)] could not read dos header from C:\WINDOWS\System32\KERNELBASE.dll
[0601/170259.407:ERROR:process_memory_win.cc(73)] ReadMemory at 0x7ffb6ede0000 of 64 bytes failed: Only part of a ReadProcessMemory or WriteProcessMemory request was completed. (0x12B)
[0601/170259.407:WARNING:pe_image_reader.cc(340)] could not read dos header from C:\Program Files (x86)\Google\Chrome\Application\83.0.4103.61\chrome_elf.dll
[0601/170259.407:ERROR:process_memory_win.cc(73)] ReadMemory at 0x7ffb7eed0000 of 64 bytes failed: Only part of a ReadProcessMemory or WriteProcessMemory request was completed. (0x12B)
[0601/170259.407:WARNING:pe_image_reader.cc(340)] could not read dos header from C:\WINDOWS\SYSTEM32\VERSION.dll
[0601/170259.407:ERROR:process_memory_win.cc(73)] ReadMemory at 0x1b8f9700000 of 64 bytes failed: Only part of a ReadProcessMemory or WriteProcessMemory request was completed. (0x12B)
[0601/170259.407:WARNING:pe_image_reader.cc(340)] could not read dos header from C:\WINDOWS\System32\msvcrt.dll
[0601/170259.407:ERROR:process_memory_win.cc(73)] ReadMemory at 0x7ffb8a650000 of 64 bytes failed: Only part of a ReadProcessMemory or WriteProcessMemory request was completed. (0x12B)
[0601/170259.407:WARNING:pe_image_reader.cc(340)] could not read dos header from C:\WINDOWS\System32\bcryptPrimitives.dll
[0601/170259.407:ERROR:process_memory_win.cc(73)] ReadMemory at 0x7ffb8c1d0000 of 64 bytes failed: Only part of a ReadProcessMemory or WriteProcessMemory request was completed. (0x12B)
[0601/170259.407:WARNING:pe_image_reader.cc(340)] could not read dos header from C:\WINDOWS\System32\ADVAPI32.dll
[0601/170259.407:ERROR:process_memory_win.cc(73)] ReadMemory at 0x7ffb8b4c0000 of 64 bytes failed: Only part of a ReadProcessMemory or WriteProcessMemory request was completed. (0x12B)
[0601/170259.407:WARNING:pe_image_reader.cc(340)] could not read dos header from C:\WINDOWS\System32\sechost.dll
[0601/170259.408:ERROR:process_memory_win.cc(73)] ReadMemory at 0x7ffb8baf0000 of 64 bytes failed: Only part of a ReadProcessMemory or WriteProcessMemory request was completed. (0x12B)
[0601/170259.408:WARNING:pe_image_reader.cc(340)] could not read dos header from C:\WINDOWS\System32\RPCRT4.dll
[0601/170259.408:ERROR:process_memory_win.cc(73)] ReadMemory at 0x7ffb425a0000 of 64 bytes failed: Only part of a ReadProcessMemory or WriteProcessMemory request was completed. (0x12B)
[0601/170259.408:WARNING:pe_image_reader.cc(340)] could not read dos header from C:\Program Files (x86)\Google\Chrome\Application\83.0.4103.61\chrome.dll
[0601/170259.408:ERROR:process_memory_win.cc(73)] ReadMemory at 0x7ffb8b9c0000 of 64 bytes failed: Only part of a ReadProcessMemory or WriteProcessMemory request was completed. (0x12B)
[0601/170259.408:WARNING:pe_image_reader.cc(340)] could not read dos header from C:\WINDOWS\System32\WS2_32.dll
[0601/170259.408:ERROR:process_memory_win.cc(73)] ReadMemory at 0x7ffb8b290000 of 64 bytes failed: Only part of a ReadProcessMemory or WriteProcessMemory request was completed. (0x12B)
[0601/170259.408:WARNING:pe_image_reader.cc(340)] could not read dos header from C:\WINDOWS\System32\OLEAUT32.dll
[0601/170259.408:ERROR:process_memory_win.cc(73)] ReadMemory at 0x7ffb8b1f0000 of 64 bytes failed: Only part of a ReadProcessMemory or WriteProcessMemory request was completed. (0x12B)
[0601/170259.408:WARNING:pe_image_reader.cc(340)] could not read dos header from C:\WINDOWS\System32\msvcp_win.dll
[0601/170259.408:ERROR:process_memory_win.cc(73)] ReadMemory at 0x7ffb8a6d0000 of 64 bytes failed: Only part of a ReadProcessMemory or WriteProcessMemory request was completed. (0x12B)
[0601/170259.408:WARNING:pe_image_reader.cc(340)] could not read dos header from C:\WINDOWS\System32\ucrtbase.dll
[0601/170259.408:ERROR:process_memory_win.cc(73)] ReadMemory at 0x7ffb8cd90000 of 64 bytes failed: Only part of a ReadProcessMemory or WriteProcessMemory request was completed. (0x12B)
[0601/170259.408:WARNING:pe_image_reader.cc(340)] could not read dos header from C:\WINDOWS\System32\combase.dll
[0601/170259.408:ERROR:process_memory_win.cc(73)] ReadMemory at 0x7ffb8a170000 of 64 bytes failed: Only part of a ReadProcessMemory or WriteProcessMemory request was completed. (0x12B)
[0601/170259.408:WARNING:pe_image_reader.cc(340)] could not read dos header from C:\WINDOWS\System32\WINTRUST.dll
[0601/170259.408:ERROR:process_memory_win.cc(73)] ReadMemory at 0x7ffb8a120000 of 64 bytes failed: Only part of a ReadProcessMemory or WriteProcessMemory request was completed. (0x12B)
[0601/170259.408:WARNING:pe_image_reader.cc(340)] could not read dos header from C:\WINDOWS\System32\MSASN1.dll
[0601/170259.408:ERROR:process_memory_win.cc(73)] ReadMemory at 0x7ffb8b0a0000 of 64 bytes failed: Only part of a ReadProcessMemory or WriteProcessMemory request was completed. (0x12B)
[0601/170259.408:WARNING:pe_image_reader.cc(340)] could not read dos header from C:\WINDOWS\System32\CRYPT32.dll
[0601/170259.408:ERROR:process_memory_win.cc(73)] ReadMemory at 0x7ffb89620000 of 64 bytes failed: Only part of a ReadProcessMemory or WriteProcessMemory request was completed. (0x12B)
[0601/170259.408:WARNING:pe_image_reader.cc(340)] could not read dos header from C:\WINDOWS\SYSTEM32\IPHLPAPI.DLL
[0601/170259.408:ERROR:process_memory_win.cc(73)] ReadMemory at 0x7ffb87320000 of 64 bytes failed: Only part of a ReadProcessMemory or WriteProcessMemory request was completed. (0x12B)
[0601/170259.408:WARNING:pe_image_reader.cc(340)] could not read dos header from C:\WINDOWS\SYSTEM32\WINMM.dll
[0601/170259.409:ERROR:process_memory_win.cc(73)] ReadMemory at 0x7ffb7a9b0000 of 64 bytes failed: Only part of a ReadProcessMemory or WriteProcessMemory request was completed. (0x12B)
[0601/170259.409:WARNING:pe_image_reader.cc(340)] could not read dos header from C:\WINDOWS\SYSTEM32\Secur32.dll
[0601/170259.409:ERROR:process_memory_win.cc(73)] ReadMemory at 0x7ffb89f90000 of 64 bytes failed: Only part of a ReadProcessMemory or WriteProcessMemory request was completed. (0x12B)
[0601/170259.409:WARNING:pe_image_reader.cc(340)] could not read dos header from C:\WINDOWS\SYSTEM32\USERENV.dll
[0601/170259.409:ERROR:process_memory_win.cc(73)] ReadMemory at 0x7ffb8a140000 of 64 bytes failed: Only part of a ReadProcessMemory or WriteProcessMemory request was completed. (0x12B)
[0601/170259.409:WARNING:pe_image_reader.cc(340)] could not read dos header from C:\WINDOWS\System32\profapi.dll
[0601/170259.409:ERROR:process_memory_win.cc(73)] ReadMemory at 0x7ffb688b0000 of 64 bytes failed: Only part of a ReadProcessMemory or WriteProcessMemory request was completed. (0x12B)
[0601/170259.409:WARNING:pe_image_reader.cc(340)] could not read dos header from C:\WINDOWS\SYSTEM32\UIAutomationCore.DLL
[0601/170259.409:ERROR:process_memory_win.cc(73)] ReadMemory at 0x7ffb749a0000 of 64 bytes failed: Only part of a ReadProcessMemory or WriteProcessMemory request was completed. (0x12B)
[0601/170259.409:WARNING:pe_image_reader.cc(340)] could not read dos header from C:\WINDOWS\SYSTEM32\DWrite.dll
[0601/170259.409:ERROR:process_memory_win.cc(73)] ReadMemory at 0x7ffb7f2d0000 of 64 bytes failed: Only part of a ReadProcessMemory or WriteProcessMemory request was completed. (0x12B)
[0601/170259.409:WARNING:pe_image_reader.cc(340)] could not read dos header from C:\WINDOWS\SYSTEM32\WINSPOOL.DRV
[0601/170259.409:ERROR:process_memory_win.cc(73)] ReadMemory at 0x7ffb8a100000 of 64 bytes failed: Only part of a ReadProcessMemory or WriteProcessMemory request was completed. (0x12B)
[0601/170259.409:WARNING:pe_image_reader.cc(340)] could not read dos header from C:\WINDOWS\System32\kernel.appcore.dll
[0601/170259.409:ERROR:process_memory_win.cc(73)] ReadMemory at 0x7ffb8af70000 of 64 bytes failed: Only part of a ReadProcessMemory or WriteProcessMemory request was completed. (0x12B)
[0601/170259.409:WARNING:pe_image_reader.cc(340)] could not read dos header from C:\WINDOWS\System32\bcrypt.dll
[0601/170259.409:ERROR:process_memory_win.cc(73)] ReadMemory at 0x7ffb7aa10000 of 64 bytes failed: Only part of a ReadProcessMemory or WriteProcessMemory request was completed. (0x12B)
[0601/170259.409:WARNING:pe_image_reader.cc(340)] could not read dos header from C:\WINDOWS\SYSTEM32\dbghelp.dll
[0601/170259.409:ERROR:process_memory_win.cc(73)] ReadMemory at 0x7ffb7f470000 of 64 bytes failed: Only part of a ReadProcessMemory or WriteProcessMemory request was completed. (0x12B)
[0601/170259.409:WARNING:pe_image_reader.cc(340)] could not read dos header from C:\WINDOWS\SYSTEM32\WINHTTP.dll
[0601/170259.409:ERROR:process_memory_win.cc(73)] ReadMemory at 0x7ffb81790000 of 64 bytes failed: Only part of a ReadProcessMemory or WriteProcessMemory request was completed. (0x12B)
[0601/170259.409:WARNING:pe_image_reader.cc(340)] could not read dos header from C:\WINDOWS\SYSTEM32\dhcpcsvc.DLL
[0601/170259.409:ERROR:process_memory_win.cc(73)] ReadMemory at 0x7ffb8bd50000 of 64 bytes failed: Only part of a ReadProcessMemory or WriteProcessMemory request was completed. (0x12B)
[0601/170259.409:WARNING:pe_image_reader.cc(340)] could not read dos header from C:\WINDOWS\System32\NSI.dll
[0601/170259.409:ERROR:process_memory_win.cc(73)] ReadMemory at 0x7ffb872f0000 of 64 bytes failed: Only part of a ReadProcessMemory or WriteProcessMemory request was completed. (0x12B)
[0601/170259.409:WARNING:pe_image_reader.cc(340)] could not read dos header from C:\WINDOWS\SYSTEM32\WINMMBASE.dll
[0601/170259.410:ERROR:process_memory_win.cc(73)] ReadMemory at 0x7ffb8afa0000 of 64 bytes failed: Only part of a ReadProcessMemory or WriteProcessMemory request was completed. (0x12B)
[0601/170259.410:WARNING:pe_image_reader.cc(340)] could not read dos header from C:\WINDOWS\System32\cfgmgr32.dll
[0601/170259.410:ERROR:process_memory_win.cc(73)] ReadMemory at 0x7ffb86a60000 of 64 bytes failed: Only part of a ReadProcessMemory or WriteProcessMemory request was completed. (0x12B)
[0601/170259.410:WARNING:pe_image_reader.cc(340)] could not read dos header from C:\WINDOWS\SYSTEM32\PROPSYS.dll
[0601/170259.410:ERROR:process_memory_win.cc(73)] ReadMemory at 0x7ffb8b560000 of 64 bytes failed: Only part of a ReadProcessMemory or WriteProcessMemory request was completed. (0x12B)
[0601/170259.410:WARNING:pe_image_reader.cc(340)] could not read dos header from C:\WINDOWS\System32\shcore.dll
[0601/170259.410:ERROR:process_memory_win.cc(73)] ReadMemory at 0x7ffb89fc0000 of 64 bytes failed: Only part of a ReadProcessMemory or WriteProcessMemory request was completed. (0x12B)
[0601/170259.410:WARNING:pe_image_reader.cc(340)] could not read dos header from C:\WINDOWS\SYSTEM32\SSPICLI.DLL
[0601/170259.410:ERROR:process_memory_win.cc(73)] ReadMemory at 0x7ffb89ae0000 of 64 bytes failed: Only part of a ReadProcessMemory or WriteProcessMemory request was completed. (0x12B)
[0601/170259.410:WARNING:pe_image_reader.cc(340)] could not read dos header from C:\WINDOWS\SYSTEM32\CRYPTBASE.DLL
[0601/170259.461:ERROR:process_memory_win.cc(73)] ReadMemory at 0x7ff654620000 of 64 bytes failed: Only part of a ReadProcessMemory or WriteProcessMemory request was completed. (0x12B)
[0601/170259.461:WARNING:pe_image_reader.cc(340)] could not read dos header from C:\Program Files (x86)\Google\Chrome\Application\chrome.exe
[0601/170259.461:ERROR:process_memory_win.cc(73)] ReadMemory at 0x7ffb8d1e0000 of 64 bytes failed: Only part of a ReadProcessMemory or WriteProcessMemory request was completed. (0x12B)
[0601/170259.461:WARNING:pe_image_reader.cc(340)] could not read dos header from C:\WINDOWS\SYSTEM32\ntdll.dll
[0601/170259.461:ERROR:process_memory_win.cc(73)] ReadMemory at 0x7ffb8c4b0000 of 64 bytes failed: Only part of a ReadProcessMemory or WriteProcessMemory request was completed. (0x12B)
[0601/170259.462:WARNING:pe_image_reader.cc(340)] could not read dos header from C:\WINDOWS\System32\KERNEL32.DLL
[0601/170259.462:ERROR:process_memory_win.cc(73)] ReadMemory at 0x7ffb8a3a0000 of 64 bytes failed: Only part of a ReadProcessMemory or WriteProcessMemory request was completed. (0x12B)
[0601/170259.462:WARNING:pe_image_reader.cc(340)] could not read dos header from C:\WINDOWS\System32\KERNELBASE.dll
[0601/170259.462:ERROR:process_memory_win.cc(73)] ReadMemory at 0x7ffb6ede0000 of 64 bytes failed: Only part of a ReadProcessMemory or WriteProcessMemory request was completed. (0x12B)
[0601/170259.462:WARNING:pe_image_reader.cc(340)] could not read dos header from C:\Program Files (x86)\Google\Chrome\Application\83.0.4103.61\chrome_elf.dll
[0601/170259.462:ERROR:process_memory_win.cc(73)] ReadMemory at 0x7ffb7eed0000 of 64 bytes failed: Only part of a ReadProcessMemory or WriteProcessMemory request was completed. (0x12B)
[0601/170259.462:WARNING:pe_image_reader.cc(340)] could not read dos header from C:\WINDOWS\SYSTEM32\VERSION.dll
[0601/170259.462:ERROR:process_memory_win.cc(73)] ReadMemory at 0x1b8f9700000 of 64 bytes failed: Only part of a ReadProcessMemory or WriteProcessMemory request was completed. (0x12B)
[0601/170259.462:WARNING:pe_image_reader.cc(340)] could not read dos header from C:\WINDOWS\System32\msvcrt.dll
[0601/170259.462:ERROR:process_memory_win.cc(73)] ReadMemory at 0x7ffb8a650000 of 64 bytes failed: Only part of a ReadProcessMemory or WriteProcessMemory request was completed. (0x12B)
[0601/170259.462:WARNING:pe_image_reader.cc(340)] could not read dos header from C:\WINDOWS\System32\bcryptPrimitives.dll
[0601/170259.462:ERROR:process_memory_win.cc(73)] ReadMemory at 0x7ffb8c1d0000 of 64 bytes failed: Only part of a ReadProcessMemory or WriteProcessMemory request was completed. (0x12B)
[0601/170259.463:WARNING:pe_image_reader.cc(340)] could not read dos header from C:\WINDOWS\System32\ADVAPI32.dll
[0601/170259.463:ERROR:process_memory_win.cc(73)] ReadMemory at 0x7ffb8b4c0000 of 64 bytes failed: Only part of a ReadProcessMemory or WriteProcessMemory request was completed. (0x12B)
[0601/170259.463:WARNING:pe_image_reader.cc(340)] could not read dos header from C:\WINDOWS\System32\sechost.dll
[0601/170259.463:ERROR:process_memory_win.cc(73)] ReadMemory at 0x7ffb8baf0000 of 64 bytes failed: Only part of a ReadProcessMemory or WriteProcessMemory request was completed. (0x12B)
[0601/170259.463:WARNING:pe_image_reader.cc(340)] could not read dos header from C:\WINDOWS\System32\RPCRT4.dll
[0601/170259.463:ERROR:process_memory_win.cc(73)] ReadMemory at 0x7ffb425a0000 of 64 bytes failed: Only part of a ReadProcessMemory or WriteProcessMemory request was completed. (0x12B)
[0601/170259.463:WARNING:pe_image_reader.cc(340)] could not read dos header from C:\Program Files (x86)\Google\Chrome\Application\83.0.4103.61\chrome.dll
[0601/170259.463:ERROR:process_memory_win.cc(73)] ReadMemory at 0x7ffb8b9c0000 of 64 bytes failed: Only part of a ReadProcessMemory or WriteProcessMemory request was completed. (0x12B)
[0601/170259.463:WARNING:pe_image_reader.cc(340)] could not read dos header from C:\WINDOWS\System32\WS2_32.dll
[0601/170259.463:ERROR:process_memory_win.cc(73)] ReadMemory at 0x7ffb8b290000 of 64 bytes failed: Only part of a ReadProcessMemory or WriteProcessMemory request was completed. (0x12B)
[0601/170259.463:WARNING:pe_image_reader.cc(340)] could not read dos header from C:\WINDOWS\System32\OLEAUT32.dll
[0601/170259.464:ERROR:process_memory_win.cc(73)] ReadMemory at 0x7ffb8b1f0000 of 64 bytes failed: Only part of a ReadProcessMemory or WriteProcessMemory request was completed. (0x12B)
[0601/170259.464:WARNING:pe_image_reader.cc(340)] could not read dos header from C:\WINDOWS\System32\msvcp_win.dll
[0601/170259.464:ERROR:process_memory_win.cc(73)] ReadMemory at 0x7ffb8a6d0000 of 64 bytes failed: Only part of a ReadProcessMemory or WriteProcessMemory request was completed. (0x12B)
[0601/170259.464:WARNING:pe_image_reader.cc(340)] could not read dos header from C:\WINDOWS\System32\ucrtbase.dll
[0601/170259.464:ERROR:process_memory_win.cc(73)] ReadMemory at 0x7ffb8cd90000 of 64 bytes failed: Only part of a ReadProcessMemory or WriteProcessMemory request was completed. (0x12B)
[0601/170259.464:WARNING:pe_image_reader.cc(340)] could not read dos header from C:\WINDOWS\System32\combase.dll
[0601/170259.464:ERROR:process_memory_win.cc(73)] ReadMemory at 0x7ffb8a170000 of 64 bytes failed: Only part of a ReadProcessMemory or WriteProcessMemory request was completed. (0x12B)
[0601/170259.464:WARNING:pe_image_reader.cc(340)] could not read dos header from C:\WINDOWS\System32\WINTRUST.dll
[0601/170259.464:ERROR:process_memory_win.cc(73)] ReadMemory at 0x7ffb8a120000 of 64 bytes failed: Only part of a ReadProcessMemory or WriteProcessMemory request was completed. (0x12B)
[0601/170259.464:WARNING:pe_image_reader.cc(340)] could not read dos header from C:\WINDOWS\System32\MSASN1.dll
[0601/170259.464:ERROR:process_memory_win.cc(73)] ReadMemory at 0x7ffb8b0a0000 of 64 bytes failed: Only part of a ReadProcessMemory or WriteProcessMemory request was completed. (0x12B)
[0601/170259.464:WARNING:pe_image_reader.cc(340)] could not read dos header from C:\WINDOWS\System32\CRYPT32.dll
[0601/170259.465:ERROR:process_memory_win.cc(73)] ReadMemory at 0x7ffb89620000 of 64 bytes failed: Only part of a ReadProcessMemory or WriteProcessMemory request was completed. (0x12B)
[0601/170259.465:WARNING:pe_image_reader.cc(340)] could not read dos header from C:\WINDOWS\SYSTEM32\IPHLPAPI.DLL
[0601/170259.465:ERROR:process_memory_win.cc(73)] ReadMemory at 0x7ffb87320000 of 64 bytes failed: Only part of a ReadProcessMemory or WriteProcessMemory request was completed. (0x12B)
[0601/170259.465:WARNING:pe_image_reader.cc(340)] could not read dos header from C:\WINDOWS\SYSTEM32\WINMM.dll
[0601/170259.465:ERROR:process_memory_win.cc(73)] ReadMemory at 0x7ffb7a9b0000 of 64 bytes failed: Only part of a ReadProcessMemory or WriteProcessMemory request was completed. (0x12B)
[0601/170259.465:WARNING:pe_image_reader.cc(340)] could not read dos header from C:\WINDOWS\SYSTEM32\Secur32.dll
[0601/170259.465:ERROR:process_memory_win.cc(73)] ReadMemory at 0x7ffb89f90000 of 64 bytes failed: Only part of a ReadProcessMemory or WriteProcessMemory request was completed. (0x12B)
[0601/170259.465:WARNING:pe_image_reader.cc(340)] could not read dos header from C:\WINDOWS\SYSTEM32\USERENV.dll
[0601/170259.465:ERROR:process_memory_win.cc(73)] ReadMemory at 0x7ffb8a140000 of 64 bytes failed: Only part of a ReadProcessMemory or WriteProcessMemory request was completed. (0x12B)
[0601/170259.465:WARNING:pe_image_reader.cc(340)] could not read dos header from C:\WINDOWS\System32\profapi.dll
[0601/170259.465:ERROR:process_memory_win.cc(73)] ReadMemory at 0x7ffb688b0000 of 64 bytes failed: Only part of a ReadProcessMemory or WriteProcessMemory request was completed. (0x12B)
[0601/170259.465:WARNING:pe_image_reader.cc(340)] could not read dos header from C:\WINDOWS\SYSTEM32\UIAutomationCore.DLL
[0601/170259.466:ERROR:process_memory_win.cc(73)] ReadMemory at 0x7ffb749a0000 of 64 bytes failed: Only part of a ReadProcessMemory or WriteProcessMemory request was completed. (0x12B)
[0601/170259.466:WARNING:pe_image_reader.cc(340)] could not read dos header from C:\WINDOWS\SYSTEM32\DWrite.dll
[0601/170259.466:ERROR:process_memory_win.cc(73)] ReadMemory at 0x7ffb7f2d0000 of 64 bytes failed: Only part of a ReadProcessMemory or WriteProcessMemory request was completed. (0x12B)
[0601/170259.466:WARNING:pe_image_reader.cc(340)] could not read dos header from C:\WINDOWS\SYSTEM32\WINSPOOL.DRV
[0601/170259.466:ERROR:process_memory_win.cc(73)] ReadMemory at 0x7ffb8a100000 of 64 bytes failed: Only part of a ReadProcessMemory or WriteProcessMemory request was completed. (0x12B)
[0601/170259.466:WARNING:pe_image_reader.cc(340)] could not read dos header from C:\WINDOWS\System32\kernel.appcore.dll
[0601/170259.466:ERROR:process_memory_win.cc(73)] ReadMemory at 0x7ffb8af70000 of 64 bytes failed: Only part of a ReadProcessMemory or WriteProcessMemory request was completed. (0x12B)
[0601/170259.466:WARNING:pe_image_reader.cc(340)] could not read dos header from C:\WINDOWS\System32\bcrypt.dll
[0601/170259.466:ERROR:process_memory_win.cc(73)] ReadMemory at 0x7ffb7aa10000 of 64 bytes failed: Only part of a ReadProcessMemory or WriteProcessMemory request was completed. (0x12B)
[0601/170259.467:WARNING:pe_image_reader.cc(340)] could not read dos header from C:\WINDOWS\SYSTEM32\dbghelp.dll
[0601/170259.467:ERROR:process_memory_win.cc(73)] ReadMemory at 0x7ffb7f470000 of 64 bytes failed: Only part of a ReadProcessMemory or WriteProcessMemory request was completed. (0x12B)
[0601/170259.467:WARNING:pe_image_reader.cc(340)] could not read dos header from C:\WINDOWS\SYSTEM32\WINHTTP.dll
[0601/170259.467:ERROR:process_memory_win.cc(73)] ReadMemory at 0x7ffb81790000 of 64 bytes failed: Only part of a ReadProcessMemory or WriteProcessMemory request was completed. (0x12B)
[0601/170259.467:WARNING:pe_image_reader.cc(340)] could not read dos header from C:\WINDOWS\SYSTEM32\dhcpcsvc.DLL
[0601/170259.467:ERROR:process_memory_win.cc(73)] ReadMemory at 0x7ffb8bd50000 of 64 bytes failed: Only part of a ReadProcessMemory or WriteProcessMemory request was completed. (0x12B)
[0601/170259.467:WARNING:pe_image_reader.cc(340)] could not read dos header from C:\WINDOWS\System32\NSI.dll
[0601/170259.467:ERROR:process_memory_win.cc(73)] ReadMemory at 0x7ffb872f0000 of 64 bytes failed: Only part of a ReadProcessMemory or WriteProcessMemory request was completed. (0x12B)
[0601/170259.467:WARNING:pe_image_reader.cc(340)] could not read dos header from C:\WINDOWS\SYSTEM32\WINMMBASE.dll
[0601/170259.467:ERROR:process_memory_win.cc(73)] ReadMemory at 0x7ffb8afa0000 of 64 bytes failed: Only part of a ReadProcessMemory or WriteProcessMemory request was completed. (0x12B)
[0601/170259.467:WARNING:pe_image_reader.cc(340)] could not read dos header from C:\WINDOWS\System32\cfgmgr32.dll
[0601/170259.467:ERROR:process_memory_win.cc(73)] ReadMemory at 0x7ffb86a60000 of 64 bytes failed: Only part of a ReadProcessMemory or WriteProcessMemory request was completed. (0x12B)
[0601/170259.468:WARNING:pe_image_reader.cc(340)] could not read dos header from C:\WINDOWS\SYSTEM32\PROPSYS.dll
[0601/170259.468:ERROR:process_memory_win.cc(73)] ReadMemory at 0x7ffb8b560000 of 64 bytes failed: Only part of a ReadProcessMemory or WriteProcessMemory request was completed. (0x12B)
[0601/170259.468:WARNING:pe_image_reader.cc(340)] could not read dos header from C:\WINDOWS\System32\shcore.dll
[0601/170259.468:ERROR:process_memory_win.cc(73)] ReadMemory at 0x7ffb89fc0000 of 64 bytes failed: Only part of a ReadProcessMemory or WriteProcessMemory request was completed. (0x12B)
[0601/170259.468:WARNING:pe_image_reader.cc(340)] could not read dos header from C:\WINDOWS\SYSTEM32\SSPICLI.DLL
[0601/170259.468:ERROR:process_memory_win.cc(73)] ReadMemory at 0x7ffb89ae0000 of 64 bytes failed: Only part of a ReadProcessMemory or WriteProcessMemory request was completed. (0x12B)
[0601/170259.468:WARNING:pe_image_reader.cc(340)] could not read dos header from C:\WINDOWS\SYSTEM32\CRYPTBASE.DLL
[0601/170259.468:ERROR:process_memory_win.cc(73)] ReadMemory at 0x7ff654620000 of 64 bytes failed: Only part of a ReadProcessMemory or WriteProcessMemory request was completed. (0x12B)
[0601/170259.468:WARNING:pe_image_reader.cc(340)] could not read dos header from C:\Program Files (x86)\Google\Chrome\Application\chrome.exe
[0601/170259.468:ERROR:process_memory_win.cc(73)] ReadMemory at 0x7ffb8d1e0000 of 64 bytes failed: Only part of a ReadProcessMemory or WriteProcessMemory request was completed. (0x12B)
[0601/170259.468:WARNING:pe_image_reader.cc(340)] could not read dos header from C:\WINDOWS\SYSTEM32\ntdll.dll
[0601/170259.468:ERROR:process_memory_win.cc(73)] ReadMemory at 0x7ffb8c4b0000 of 64 bytes failed: Only part of a ReadProcessMemory or WriteProcessMemory request was completed. (0x12B)
[0601/170259.469:WARNING:pe_image_reader.cc(340)] could not read dos header from C:\WINDOWS\System32\KERNEL32.DLL
[0601/170259.469:ERROR:process_memory_win.cc(73)] ReadMemory at 0x7ffb8a3a0000 of 64 bytes failed: Only part of a ReadProcessMemory or WriteProcessMemory request was completed. (0x12B)
[0601/170259.469:WARNING:pe_image_reader.cc(340)] could not read dos header from C:\WINDOWS\System32\KERNELBASE.dll
[0601/170259.469:ERROR:process_memory_win.cc(73)] ReadMemory at 0x7ffb6ede0000 of 64 bytes failed: Only part of a ReadProcessMemory or WriteProcessMemory request was completed. (0x12B)
[0601/170259.469:WARNING:pe_image_reader.cc(340)] could not read dos header from C:\Program Files (x86)\Google\Chrome\Application\83.0.4103.61\chrome_elf.dll
[0601/170259.469:ERROR:process_memory_win.cc(73)] ReadMemory at 0x7ffb7eed0000 of 64 bytes failed: Only part of a ReadProcessMemory or WriteProcessMemory request was completed. (0x12B)
[0601/170259.469:WARNING:pe_image_reader.cc(340)] could not read dos header from C:\WINDOWS\SYSTEM32\VERSION.dll
[0601/170259.469:ERROR:process_memory_win.cc(73)] ReadMemory at 0x1b8f9700000 of 64 bytes failed: Only part of a ReadProcessMemory or WriteProcessMemory request was completed. (0x12B)
[0601/170259.469:WARNING:pe_image_reader.cc(340)] could not read dos header from C:\WINDOWS\System32\msvcrt.dll
[0601/170259.469:ERROR:process_memory_win.cc(73)] ReadMemory at 0x7ffb8a650000 of 64 bytes failed: Only part of a ReadProcessMemory or WriteProcessMemory request was completed. (0x12B)
[0601/170259.469:WARNING:pe_image_reader.cc(340)] could not read dos header from C:\WINDOWS\System32\bcryptPrimitives.dll
[0601/170259.469:ERROR:process_memory_win.cc(73)] ReadMemory at 0x7ffb8c1d0000 of 64 bytes failed: Only part of a ReadProcessMemory or WriteProcessMemory request was completed. (0x12B)
[0601/170259.470:WARNING:pe_image_reader.cc(340)] could not read dos header from C:\WINDOWS\System32\ADVAPI32.dll
[0601/170259.470:ERROR:process_memory_win.cc(73)] ReadMemory at 0x7ffb8b4c0000 of 64 bytes failed: Only part of a ReadProcessMemory or WriteProcessMemory request was completed. (0x12B)
[0601/170259.470:WARNING:pe_image_reader.cc(340)] could not read dos header from C:\WINDOWS\System32\sechost.dll
[0601/170259.470:ERROR:process_memory_win.cc(73)] ReadMemory at 0x7ffb8baf0000 of 64 bytes failed: Only part of a ReadProcessMemory or WriteProcessMemory request was completed. (0x12B)
[0601/170259.470:WARNING:pe_image_reader.cc(340)] could not read dos header from C:\WINDOWS\System32\RPCRT4.dll
[0601/170259.470:ERROR:process_memory_win.cc(73)] ReadMemory at 0x7ffb425a0000 of 64 bytes failed: Only part of a ReadProcessMemory or WriteProcessMemory request was completed. (0x12B)
[0601/170259.470:WARNING:pe_image_reader.cc(340)] could not read dos header from C:\Program Files (x86)\Google\Chrome\Application\83.0.4103.61\chrome.dll
[0601/170259.470:ERROR:process_memory_win.cc(73)] ReadMemory at 0x7ffb8b9c0000 of 64 bytes failed: Only part of a ReadProcessMemory or WriteProcessMemory request was completed. (0x12B)
[0601/170259.470:WARNING:pe_image_reader.cc(340)] could not read dos header from C:\WINDOWS\System32\WS2_32.dll
[0601/170259.470:ERROR:process_memory_win.cc(73)] ReadMemory at 0x7ffb8b290000 of 64 bytes failed: Only part of a ReadProcessMemory or WriteProcessMemory request was completed. (0x12B)
[0601/170259.470:WARNING:pe_image_reader.cc(340)] could not read dos header from C:\WINDOWS\System32\OLEAUT32.dll
[0601/170259.470:ERROR:process_memory_win.cc(73)] ReadMemory at 0x7ffb8b1f0000 of 64 bytes failed: Only part of a ReadProcessMemory or WriteProcessMemory request was completed. (0x12B)
[0601/170259.471:WARNING:pe_image_reader.cc(340)] could not read dos header from C:\WINDOWS\System32\msvcp_win.dll
[0601/170259.471:ERROR:process_memory_win.cc(73)] ReadMemory at 0x7ffb8a6d0000 of 64 bytes failed: Only part of a ReadProcessMemory or WriteProcessMemory request was completed. (0x12B)
[0601/170259.471:WARNING:pe_image_reader.cc(340)] could not read dos header from C:\WINDOWS\System32\ucrtbase.dll
[0601/170259.471:ERROR:process_memory_win.cc(73)] ReadMemory at 0x7ffb8cd90000 of 64 bytes failed: Only part of a ReadProcessMemory or WriteProcessMemory request was completed. (0x12B)
[0601/170259.471:WARNING:pe_image_reader.cc(340)] could not read dos header from C:\WINDOWS\System32\combase.dll
[0601/170259.471:ERROR:process_memory_win.cc(73)] ReadMemory at 0x7ffb8a170000 of 64 bytes failed: Only part of a ReadProcessMemory or WriteProcessMemory request was completed. (0x12B)
[0601/170259.471:WARNING:pe_image_reader.cc(340)] could not read dos header from C:\WINDOWS\System32\WINTRUST.dll
[0601/170259.471:ERROR:process_memory_win.cc(73)] ReadMemory at 0x7ffb8a120000 of 64 bytes failed: Only part of a ReadProcessMemory or WriteProcessMemory request was completed. (0x12B)
[0601/170259.471:WARNING:pe_image_reader.cc(340)] could not read dos header from C:\WINDOWS\System32\MSASN1.dll
[0601/170259.471:ERROR:process_memory_win.cc(73)] ReadMemory at 0x7ffb8b0a0000 of 64 bytes failed: Only part of a ReadProcessMemory or WriteProcessMemory request was completed. (0x12B)
[0601/170259.471:WARNING:pe_image_reader.cc(340)] could not read dos header from C:\WINDOWS\System32\CRYPT32.dll
[0601/170259.471:ERROR:process_memory_win.cc(73)] ReadMemory at 0x7ffb89620000 of 64 bytes failed: Only part of a ReadProcessMemory or WriteProcessMemory request was completed. (0x12B)
[0601/170259.472:WARNING:pe_image_reader.cc(340)] could not read dos header from C:\WINDOWS\SYSTEM32\IPHLPAPI.DLL
[0601/170259.472:ERROR:process_memory_win.cc(73)] ReadMemory at 0x7ffb87320000 of 64 bytes failed: Only part of a ReadProcessMemory or WriteProcessMemory request was completed. (0x12B)
[0601/170259.472:WARNING:pe_image_reader.cc(340)] could not read dos header from C:\WINDOWS\SYSTEM32\WINMM.dll
[0601/170259.472:ERROR:process_memory_win.cc(73)] ReadMemory at 0x7ffb7a9b0000 of 64 bytes failed: Only part of a ReadProcessMemory or WriteProcessMemory request was completed. (0x12B)
[0601/170259.472:WARNING:pe_image_reader.cc(340)] could not read dos header from C:\WINDOWS\SYSTEM32\Secur32.dll
[0601/170259.472:ERROR:process_memory_win.cc(73)] ReadMemory at 0x7ffb89f90000 of 64 bytes failed: Only part of a ReadProcessMemory or WriteProcessMemory request was completed. (0x12B)
[0601/170259.472:WARNING:pe_image_reader.cc(340)] could not read dos header from C:\WINDOWS\SYSTEM32\USERENV.dll
[0601/170259.472:ERROR:process_memory_win.cc(73)] ReadMemory at 0x7ffb8a140000 of 64 bytes failed: Only part of a ReadProcessMemory or WriteProcessMemory request was completed. (0x12B)
[0601/170259.472:WARNING:pe_image_reader.cc(340)] could not read dos header from C:\WINDOWS\System32\profapi.dll
[0601/170259.472:ERROR:process_memory_win.cc(73)] ReadMemory at 0x7ffb688b0000 of 64 bytes failed: Only part of a ReadProcessMemory or WriteProcessMemory request was completed. (0x12B)
[0601/170259.472:WARNING:pe_image_reader.cc(340)] could not read dos header from C:\WINDOWS\SYSTEM32\UIAutomationCore.DLL
[0601/170259.472:ERROR:process_memory_win.cc(73)] ReadMemory at 0x7ffb749a0000 of 64 bytes failed: Only part of a ReadProcessMemory or WriteProcessMemory request was completed. (0x12B)
[0601/170259.473:WARNING:pe_image_reader.cc(340)] could not read dos header from C:\WINDOWS\SYSTEM32\DWrite.dll
[0601/170259.473:ERROR:process_memory_win.cc(73)] ReadMemory at 0x7ffb7f2d0000 of 64 bytes failed: Only part of a ReadProcessMemory or WriteProcessMemory request was completed. (0x12B)
[0601/170259.473:WARNING:pe_image_reader.cc(340)] could not read dos header from C:\WINDOWS\SYSTEM32\WINSPOOL.DRV
[0601/170259.473:ERROR:process_memory_win.cc(73)] ReadMemory at 0x7ffb8a100000 of 64 bytes failed: Only part of a ReadProcessMemory or WriteProcessMemory request was completed. (0x12B)
[0601/170259.473:WARNING:pe_image_reader.cc(340)] could not read dos header from C:\WINDOWS\System32\kernel.appcore.dll
[0601/170259.473:ERROR:process_memory_win.cc(73)] ReadMemory at 0x7ffb8af70000 of 64 bytes failed: Only part of a ReadProcessMemory or WriteProcessMemory request was completed. (0x12B)
[0601/170259.473:WARNING:pe_image_reader.cc(340)] could not read dos header from C:\WINDOWS\System32\bcrypt.dll
[0601/170259.473:ERROR:process_memory_win.cc(73)] ReadMemory at 0x7ffb7aa10000 of 64 bytes failed: Only part of a ReadProcessMemory or WriteProcessMemory request was completed. (0x12B)
[0601/170259.473:WARNING:pe_image_reader.cc(340)] could not read dos header from C:\WINDOWS\SYSTEM32\dbghelp.dll
[0601/170259.473:ERROR:process_memory_win.cc(73)] ReadMemory at 0x7ffb7f470000 of 64 bytes failed: Only part of a ReadProcessMemory or WriteProcessMemory request was completed. (0x12B)
[0601/170259.473:WARNING:pe_image_reader.cc(340)] could not read dos header from C:\WINDOWS\SYSTEM32\WINHTTP.dll
[0601/170259.474:ERROR:process_memory_win.cc(73)] ReadMemory at 0x7ffb81790000 of 64 bytes failed: Only part of a ReadProcessMemory or WriteProcessMemory request was completed. (0x12B)
[0601/170259.474:WARNING:pe_image_reader.cc(340)] could not read dos header from C:\WINDOWS\SYSTEM32\dhcpcsvc.DLL
[0601/170259.474:ERROR:process_memory_win.cc(73)] ReadMemory at 0x7ffb8bd50000 of 64 bytes failed: Only part of a ReadProcessMemory or WriteProcessMemory request was completed. (0x12B)
[0601/170259.474:WARNING:pe_image_reader.cc(340)] could not read dos header from C:\WINDOWS\System32\NSI.dll
[0601/170259.474:ERROR:process_memory_win.cc(73)] ReadMemory at 0x7ffb872f0000 of 64 bytes failed: Only part of a ReadProcessMemory or WriteProcessMemory request was completed. (0x12B)
[0601/170259.474:WARNING:pe_image_reader.cc(340)] could not read dos header from C:\WINDOWS\SYSTEM32\WINMMBASE.dll
[0601/170259.474:ERROR:process_memory_win.cc(73)] ReadMemory at 0x7ffb8afa0000 of 64 bytes failed: Only part of a ReadProcessMemory or WriteProcessMemory request was completed. (0x12B)
[0601/170259.474:WARNING:pe_image_reader.cc(340)] could not read dos header from C:\WINDOWS\System32\cfgmgr32.dll
[0601/170259.474:ERROR:process_memory_win.cc(73)] ReadMemory at 0x7ffb86a60000 of 64 bytes failed: Only part of a ReadProcessMemory or WriteProcessMemory request was completed. (0x12B)
[0601/170259.474:WARNING:pe_image_reader.cc(340)] could not read dos header from C:\WINDOWS\SYSTEM32\PROPSYS.dll
[0601/170259.475:ERROR:process_memory_win.cc(73)] ReadMemory at 0x7ffb8b560000 of 64 bytes failed: Only part of a ReadProcessMemory or WriteProcessMemory request was completed. (0x12B)
[0601/170259.475:WARNING:pe_image_reader.cc(340)] could not read dos header from C:\WINDOWS\System32\shcore.dll
[0601/170259.475:ERROR:process_memory_win.cc(73)] ReadMemory at 0x7ffb89fc0000 of 64 bytes failed: Only part of a ReadProcessMemory or WriteProcessMemory request was completed. (0x12B)
[0601/170259.475:WARNING:pe_image_reader.cc(340)] could not read dos header from C:\WINDOWS\SYSTEM32\SSPICLI.DLL
[0601/170259.475:ERROR:process_memory_win.cc(73)] ReadMemory at 0x7ffb89ae0000 of 64 bytes failed: Only part of a ReadProcessMemory or WriteProcessMemory request was completed. (0x12B)
[0601/170259.475:WARNING:pe_image_reader.cc(340)] could not read dos header from C:\WINDOWS\SYSTEM32\CRYPTBASE.DLL
[0601/170259.494:ERROR:process_memory_win.cc(73)] ReadMemory at 0x6a967ed000 of 77824 bytes failed: Only part of a ReadProcessMemory or WriteProcessMemory request was completed. (0x12B)
[0601/170259.495:ERROR:process_memory_win.cc(73)] ReadMemory at 0x6a96ffd000 of 12288 bytes failed: Only part of a ReadProcessMemory or WriteProcessMemory request was completed. (0x12B)
[0601/170259.495:ERROR:process_memory_win.cc(73)] ReadMemory at 0x6a977f6000 of 40960 bytes failed: Only part of a ReadProcessMemory or WriteProcessMemory request was completed. (0x12B)
[0601/170259.495:ERROR:process_memory_win.cc(73)] ReadMemory at 0x6a97ffc000 of 16384 bytes failed: Only part of a ReadProcessMemory or WriteProcessMemory request was completed. (0x12B)
[0601/170259.495:ERROR:process_memory_win.cc(73)] ReadMemory at 0x6a987fc000 of 16384 bytes failed: Only part of a ReadProcessMemory or WriteProcessMemory request was completed. (0x12B)
[0601/170259.495:ERROR:process_memory_win.cc(73)] ReadMemory at 0x6a98fff000 of 4096 bytes failed: Only part of a ReadProcessMemory or WriteProcessMemory request was completed. (0x12B)
[0601/170259.495:ERROR:process_memory_win.cc(73)] ReadMemory at 0x6a997fd000 of 12288 bytes failed: Only part of a ReadProcessMemory or WriteProcessMemory request was completed. (0x12B)
[0601/170259.495:ERROR:process_memory_win.cc(73)] ReadMemory at 0x6a99ffb000 of 20480 bytes failed: Only part of a ReadProcessMemory or WriteProcessMemory request was completed. (0x12B)
[0601/170259.495:ERROR:process_memory_win.cc(73)] ReadMemory at 0x6a9affd000 of 12288 bytes failed: Only part of a ReadProcessMemory or WriteProcessMemory request was completed. (0x12B)
[0601/170259.495:ERROR:process_memory_win.cc(73)] ReadMemory at 0x6a9b7f6000 of 40960 bytes failed: Only part of a ReadProcessMemory or WriteProcessMemory request was completed. (0x12B)
[0601/170259.496:ERROR:process_memory_win.cc(73)] ReadMemory at 0x6a9bff6000 of 40960 bytes failed: Only part of a ReadProcessMemory or WriteProcessMemory request was completed. (0x12B)
[0601/170259.496:ERROR:process_memory_win.cc(73)] ReadMemory at 0x6a9c7fd000 of 12288 bytes failed: Only part of a ReadProcessMemory or WriteProcessMemory request was completed. (0x12B)
[0601/170259.496:ERROR:process_memory_win.cc(73)] ReadMemory at 0x6a9cffa000 of 24576 bytes failed: Only part of a ReadProcessMemory or WriteProcessMemory request was completed. (0x12B)
[0601/170259.496:ERROR:process_memory_win.cc(73)] ReadMemory at 0x6a9d7fd000 of 12288 bytes failed: Only part of a ReadProcessMemory or WriteProcessMemory request was completed. (0x12B)
[0601/170259.496:ERROR:process_memory_win.cc(73)] ReadMemory at 0x6a9a7ff000 of 4096 bytes failed: Only part of a ReadProcessMemory or WriteProcessMemory request was completed. (0x12B)
[0601/170259.496:ERROR:process_memory_win.cc(73)] ReadMemory at 0x6a95e00000 of 6024 bytes failed: Only part of a ReadProcessMemory or WriteProcessMemory request was completed. (0x12B)
[0601/170259.496:ERROR:process_memory_win.cc(73)] ReadMemory at 0x6a95e02000 of 6024 bytes failed: Only part of a ReadProcessMemory or WriteProcessMemory request was completed. (0x12B)
[0601/170259.496:ERROR:process_memory_win.cc(73)] ReadMemory at 0x6a95e04000 of 6024 bytes failed: Only part of a ReadProcessMemory or WriteProcessMemory request was completed. (0x12B)
[0601/170259.496:ERROR:process_memory_win.cc(73)] ReadMemory at 0x6a95e06000 of 6024 bytes failed: Only part of a ReadProcessMemory or WriteProcessMemory request was completed. (0x12B)
[0601/170259.496:ERROR:process_memory_win.cc(73)] ReadMemory at 0x6a95e0a000 of 6024 bytes failed: Only part of a ReadProcessMemory or WriteProcessMemory request was completed. (0x12B)
[0601/170259.496:ERROR:process_memory_win.cc(73)] ReadMemory at 0x6a95e0c000 of 6024 bytes failed: Only part of a ReadProcessMemory or WriteProcessMemory request was completed. (0x12B)
[0601/170259.497:ERROR:process_memory_win.cc(73)] ReadMemory at 0x6a95e0e000 of 6024 bytes failed: Only part of a ReadProcessMemory or WriteProcessMemory request was completed. (0x12B)
[0601/170259.497:ERROR:process_memory_win.cc(73)] ReadMemory at 0x6a95e10000 of 6024 bytes failed: Only part of a ReadProcessMemory or WriteProcessMemory request was completed. (0x12B)
[0601/170259.497:ERROR:process_memory_win.cc(73)] ReadMemory at 0x6a95e12000 of 6024 bytes failed: Only part of a ReadProcessMemory or WriteProcessMemory request was completed. (0x12B)
[0601/170259.497:ERROR:process_memory_win.cc(73)] ReadMemory at 0x6a95e14000 of 6024 bytes failed: Only part of a ReadProcessMemory or WriteProcessMemory request was completed. (0x12B)
[0601/170259.497:ERROR:process_memory_win.cc(73)] ReadMemory at 0x6a95e16000 of 6024 bytes failed: Only part of a ReadProcessMemory or WriteProcessMemory request was completed. (0x12B)
[0601/170259.497:ERROR:process_memory_win.cc(73)] ReadMemory at 0x6a95ff6000 of 852 bytes failed: Only part of a ReadProcessMemory or WriteProcessMemory request was completed. (0x12B)
[0601/170259.497:ERROR:process_memory_win.cc(73)] ReadMemory at 0x6a95ff7000 of 6024 bytes failed: Only part of a ReadProcessMemory or WriteProcessMemory request was completed. (0x12B)
[0601/170259.497:ERROR:process_memory_win.cc(73)] ReadMemory at 0x6a95ff9000 of 6024 bytes failed: Only part of a ReadProcessMemory or WriteProcessMemory request was completed. (0x12B)
[0601/170259.497:ERROR:process_memory_win.cc(73)] ReadMemory at 0x6a95ffb000 of 6024 bytes failed: Only part of a ReadProcessMemory or WriteProcessMemory request was completed. (0x12B)
[0601/170259.497:ERROR:process_memory_win.cc(73)] ReadMemory at 0x6a95ffd000 of 6024 bytes failed: Only part of a ReadProcessMemory or WriteProcessMemory request was completed. (0x12B)
[0601/170259.497:ERROR:process_memory_win.cc(73)] ReadMemory at 0x1b880040e80 of 512 bytes failed: Only part of a ReadProcessMemory or WriteProcessMemory request was completed. (0x12B)
[0601/170259.497:ERROR:process_memory_win.cc(73)] ReadMemory at 0x1b8800419c0 of 512 bytes failed: Only part of a ReadProcessMemory or WriteProcessMemory request was completed. (0x12B)
[0601/170259.498:ERROR:process_memory_win.cc(73)] ReadMemory at 0x1b880102690 of 512 bytes failed: Only part of a ReadProcessMemory or WriteProcessMemory request was completed. (0x12B)
[0601/170259.498:ERROR:process_memory_win.cc(73)] ReadMemory at 0x1b8801262e0 of 512 bytes failed: Only part of a ReadProcessMemory or WriteProcessMemory request was completed. (0x12B)
[0601/170259.498:ERROR:process_memory_win.cc(73)] ReadMemory at 0x1b880126e48 of 512 bytes failed: Only part of a ReadProcessMemory or WriteProcessMemory request was completed. (0x12B)
[0601/170259.498:ERROR:process_memory_win.cc(73)] ReadMemory at 0x1b880145770 of 712 bytes failed: Only part of a ReadProcessMemory or WriteProcessMemory request was completed. (0x12B)
[0601/170259.498:ERROR:process_memory_win.cc(73)] ReadMemory at 0x1b880146dc0 of 512 bytes failed: Only part of a ReadProcessMemory or WriteProcessMemory request was completed. (0x12B)
[0601/170259.498:ERROR:process_memory_win.cc(73)] ReadMemory at 0x1b880184f60 of 512 bytes failed: Only part of a ReadProcessMemory or WriteProcessMemory request was completed. (0x12B)
[0601/170259.498:ERROR:process_memory_win.cc(73)] ReadMemory at 0x1b881804ca0 of 512 bytes failed: Only part of a ReadProcessMemory or WriteProcessMemory request was completed. (0x12B)
[0601/170259.498:ERROR:process_memory_win.cc(73)] ReadMemory at 0x1b881e08950 of 512 bytes failed: Only part of a ReadProcessMemory or WriteProcessMemory request was completed. (0x12B)
[0601/170259.498:ERROR:process_memory_win.cc(73)] ReadMemory at 0x1b8f95f9e90 of 512 bytes failed: Only part of a ReadProcessMemory or WriteProcessMemory request was completed. (0x12B)
[0601/170259.498:ERROR:process_memory_win.cc(73)] ReadMemory at 0x1b8f9600750 of 80 bytes failed: Only part of a ReadProcessMemory or WriteProcessMemory request was completed. (0x12B)
[0601/170259.498:ERROR:process_memory_win.cc(73)] ReadMemory at 0x1b8f9600fe0 of 10554 bytes failed: Only part of a ReadProcessMemory or WriteProcessMemory request was completed. (0x12B)
[0601/170259.499:ERROR:process_memory_win.cc(73)] ReadMemory at 0x1b8f9603930 of 1012 bytes failed: Only part of a ReadProcessMemory or WriteProcessMemory request was completed. (0x12B)
[0601/170259.499:ERROR:process_memory_win.cc(73)] ReadMemory at 0x1b8f9603f78 of 118 bytes failed: Only part of a ReadProcessMemory or WriteProcessMemory request was completed. (0x12B)
[0601/170259.499:ERROR:process_memory_win.cc(73)] ReadMemory at 0x1b8f9603ff0 of 756 bytes failed: Only part of a ReadProcessMemory or WriteProcessMemory request was completed. (0x12B)
[0601/170259.499:ERROR:process_memory_win.cc(73)] ReadMemory at 0x1b8f96042e6 of 118 bytes failed: Only part of a ReadProcessMemory or WriteProcessMemory request was completed. (0x12B)
[0601/170259.499:ERROR:process_memory_win.cc(73)] ReadMemory at 0x1b8f960435e of 100 bytes failed: Only part of a ReadProcessMemory or WriteProcessMemory request was completed. (0x12B)
[0601/170259.499:ERROR:process_memory_win.cc(73)] ReadMemory at 0x1b8f96043d0 of 58 bytes failed: Only part of a ReadProcessMemory or WriteProcessMemory request was completed. (0x12B)
[0601/170259.499:ERROR:process_memory_win.cc(73)] ReadMemory at 0x1b8f96044d0 of 132 bytes failed: Only part of a ReadProcessMemory or WriteProcessMemory request was completed. (0x12B)
[0601/170259.499:ERROR:process_memory_win.cc(73)] ReadMemory at 0x1b8f9604660 of 132 bytes failed: Only part of a ReadProcessMemory or WriteProcessMemory request was completed. (0x12B)
[0601/170259.499:ERROR:process_memory_win.cc(73)] ReadMemory at 0x1b8f9604820 of 124 bytes failed: Only part of a ReadProcessMemory or WriteProcessMemory request was completed. (0x12B)
[0601/170259.499:ERROR:process_memory_win.cc(73)] ReadMemory at 0x1b8f9604c00 of 132 bytes failed: Only part of a ReadProcessMemory or WriteProcessMemory request was completed. (0x12B)
[0601/170259.499:ERROR:process_memory_win.cc(73)] ReadMemory at 0x1b8f9604d90 of 64 bytes failed: Only part of a ReadProcessMemory or WriteProcessMemory request was completed. (0x12B)
[0601/170259.499:ERROR:process_memory_win.cc(73)] ReadMemory at 0x1b8f9604de0 of 132 bytes failed: Only part of a ReadProcessMemory or WriteProcessMemory request was completed. (0x12B)
[0601/170259.500:ERROR:process_memory_win.cc(73)] ReadMemory at 0x1b8f9604f50 of 132 bytes failed: Only part of a ReadProcessMemory or WriteProcessMemory request was completed. (0x12B)
[0601/170259.500:ERROR:process_memory_win.cc(73)] ReadMemory at 0x1b8f96051f0 of 132 bytes failed: Only part of a ReadProcessMemory or WriteProcessMemory request was completed. (0x12B)
[0601/170259.500:ERROR:process_memory_win.cc(73)] ReadMemory at 0x1b8f9605380 of 68 bytes failed: Only part of a ReadProcessMemory or WriteProcessMemory request was completed. (0x12B)
[0601/170259.500:ERROR:process_memory_win.cc(73)] ReadMemory at 0x1b8f9606370 of 144 bytes failed: Only part of a ReadProcessMemory or WriteProcessMemory request was completed. (0x12B)
[0601/170259.500:ERROR:process_memory_win.cc(73)] ReadMemory at 0x1b8f9606450 of 132 bytes failed: Only part of a ReadProcessMemory or WriteProcessMemory request was completed. (0x12B)
[0601/170259.500:ERROR:process_memory_win.cc(73)] ReadMemory at 0x1b8f96065e0 of 152 bytes failed: Only part of a ReadProcessMemory or WriteProcessMemory request was completed. (0x12B)
[0601/170259.500:ERROR:process_memory_win.cc(73)] ReadMemory at 0x1b8f9607270 of 132 bytes failed: Only part of a ReadProcessMemory or WriteProcessMemory request was completed. (0x12B)
[0601/170259.500:ERROR:process_memory_win.cc(73)] ReadMemory at 0x1b8f96073e0 of 62 bytes failed: Only part of a ReadProcessMemory or WriteProcessMemory request was completed. (0x12B)
[0601/170259.500:ERROR:process_memory_win.cc(73)] ReadMemory at 0x1b8f9607540 of 132 bytes failed: Only part of a ReadProcessMemory or WriteProcessMemory request was completed. (0x12B)
[0601/170259.500:ERROR:process_memory_win.cc(73)] ReadMemory at 0x1b8f96076d0 of 60 bytes failed: Only part of a ReadProcessMemory or WriteProcessMemory request was completed. (0x12B)
[0601/170259.500:ERROR:process_memory_win.cc(73)] ReadMemory at 0x1b8f9608f90 of 132 bytes failed: Only part of a ReadProcessMemory or WriteProcessMemory request was completed. (0x12B)
[0601/170259.500:ERROR:process_memory_win.cc(73)] ReadMemory at 0x1b8f96092f0 of 132 bytes failed: Only part of a ReadProcessMemory or WriteProcessMemory request was completed. (0x12B)
[0601/170259.500:ERROR:process_memory_win.cc(73)] ReadMemory at 0x1b8f9609500 of 132 bytes failed: Only part of a ReadProcessMemory or WriteProcessMemory request was completed. (0x12B)
[0601/170259.501:ERROR:process_memory_win.cc(73)] ReadMemory at 0x1b8f9609b80 of 132 bytes failed: Only part of a ReadProcessMemory or WriteProcessMemory request was completed. (0x12B)
[0601/170259.501:ERROR:process_memory_win.cc(73)] ReadMemory at 0x1b8f960cc10 of 64 bytes failed: Only part of a ReadProcessMemory or WriteProcessMemory request was completed. (0x12B)
[0601/170259.501:ERROR:process_memory_win.cc(73)] ReadMemory at 0x1b8f960cc60 of 66 bytes failed: Only part of a ReadProcessMemory or WriteProcessMemory request was completed. (0x12B)
[0601/170259.501:ERROR:process_memory_win.cc(73)] ReadMemory at 0x1b8f960ccb0 of 62 bytes failed: Only part of a ReadProcessMemory or WriteProcessMemory request was completed. (0x12B)
[0601/170259.501:ERROR:process_memory_win.cc(73)] ReadMemory at 0x1b8f960cd00 of 64 bytes failed: Only part of a ReadProcessMemory or WriteProcessMemory request was completed. (0x12B)
[0601/170259.501:ERROR:process_memory_win.cc(73)] ReadMemory at 0x1b8f960cda0 of 64 bytes failed: Only part of a ReadProcessMemory or WriteProcessMemory request was completed. (0x12B)
[0601/170259.501:ERROR:process_memory_win.cc(73)] ReadMemory at 0x1b8f960cdf0 of 64 bytes failed: Only part of a ReadProcessMemory or WriteProcessMemory request was completed. (0x12B)
[0601/170259.501:ERROR:process_memory_win.cc(73)] ReadMemory at 0x1b8f960ce90 of 60 bytes failed: Only part of a ReadProcessMemory or WriteProcessMemory request was completed. (0x12B)
[0601/170259.501:ERROR:process_memory_win.cc(73)] ReadMemory at 0x1b8f960cfd0 of 62 bytes failed: Only part of a ReadProcessMemory or WriteProcessMemory request was completed. (0x12B)
[0601/170259.501:ERROR:process_memory_win.cc(73)] ReadMemory at 0x1b8f960d0c0 of 60 bytes failed: Only part of a ReadProcessMemory or WriteProcessMemory request was completed. (0x12B)
[0601/170259.501:ERROR:process_memory_win.cc(73)] ReadMemory at 0x1b8f960d590 of 76 bytes failed: Only part of a ReadProcessMemory or WriteProcessMemory request was completed. (0x12B)
[0601/170259.501:ERROR:process_memory_win.cc(73)] ReadMemory at 0x1b8f960dbf0 of 80 bytes failed: Only part of a ReadProcessMemory or WriteProcessMemory request was completed. (0x12B)
[0601/170259.501:ERROR:process_memory_win.cc(73)] ReadMemory at 0x1b8f960e2a0 of 60 bytes failed: Only part of a ReadProcessMemory or WriteProcessMemory request was completed. (0x12B)
[0601/170259.502:ERROR:process_memory_win.cc(73)] ReadMemory at 0x1b8f960e340 of 64 bytes failed: Only part of a ReadProcessMemory or WriteProcessMemory request was completed. (0x12B)
[0601/170259.502:ERROR:process_memory_win.cc(73)] ReadMemory at 0x1b8f960e750 of 62 bytes failed: Only part of a ReadProcessMemory or WriteProcessMemory request was completed. (0x12B)
[0601/170259.502:ERROR:process_memory_win.cc(73)] ReadMemory at 0x1b8f960e7a0 of 64 bytes failed: Only part of a ReadProcessMemory or WriteProcessMemory request was completed. (0x12B)
[0601/170259.502:ERROR:process_memory_win.cc(73)] ReadMemory at 0x1b8f960e890 of 62 bytes failed: Only part of a ReadProcessMemory or WriteProcessMemory request was completed. (0x12B)
[0601/170259.502:ERROR:process_memory_win.cc(73)] ReadMemory at 0x1b8f960e8e0 of 60 bytes failed: Only part of a ReadProcessMemory or WriteProcessMemory request was completed. (0x12B)
[0601/170259.502:ERROR:process_memory_win.cc(73)] ReadMemory at 0x1b8f960e930 of 62 bytes failed: Only part of a ReadProcessMemory or WriteProcessMemory request was completed. (0x12B)
[0601/170259.502:ERROR:process_memory_win.cc(73)] ReadMemory at 0x1b8f960ea20 of 62 bytes failed: Only part of a ReadProcessMemory or WriteProcessMemory request was completed. (0x12B)
[0601/170259.502:ERROR:process_memory_win.cc(73)] ReadMemory at 0x1b8f960ea70 of 64 bytes failed: Only part of a ReadProcessMemory or WriteProcessMemory request was completed. (0x12B)
[0601/170259.502:ERROR:process_memory_win.cc(73)] ReadMemory at 0x1b8f960eac0 of 62 bytes failed: Only part of a ReadProcessMemory or WriteProcessMemory request was completed. (0x12B)
[0601/170259.502:ERROR:process_memory_win.cc(73)] ReadMemory at 0x1b8f960ed40 of 60 bytes failed: Only part of a ReadProcessMemory or WriteProcessMemory request was completed. (0x12B)
[0601/170259.502:ERROR:process_memory_win.cc(73)] ReadMemory at 0x1b8f960ed90 of 58 bytes failed: Only part of a ReadProcessMemory or WriteProcessMemory request was completed. (0x12B)
[0601/170259.502:ERROR:process_memory_win.cc(73)] ReadMemory at 0x1b8f960ede0 of 66 bytes failed: Only part of a ReadProcessMemory or WriteProcessMemory request was completed. (0x12B)
[0601/170259.502:ERROR:process_memory_win.cc(73)] ReadMemory at 0x1b8f960ee80 of 62 bytes failed: Only part of a ReadProcessMemory or WriteProcessMemory request was completed. (0x12B)
[0601/170259.503:ERROR:process_memory_win.cc(73)] ReadMemory at 0x1b8f960eed0 of 62 bytes failed: Only part of a ReadProcessMemory or WriteProcessMemory request was completed. (0x12B)
[0601/170259.503:ERROR:process_memory_win.cc(73)] ReadMemory at 0x1b8f960efc0 of 64 bytes failed: Only part of a ReadProcessMemory or WriteProcessMemory request was completed. (0x12B)
[0601/170259.503:ERROR:process_memory_win.cc(73)] ReadMemory at 0x1b8f960f060 of 62 bytes failed: Only part of a ReadProcessMemory or WriteProcessMemory request was completed. (0x12B)
[0601/170259.503:ERROR:process_memory_win.cc(73)] ReadMemory at 0x1b8f960f150 of 60 bytes failed: Only part of a ReadProcessMemory or WriteProcessMemory request was completed. (0x12B)
[0601/170259.503:ERROR:process_memory_win.cc(73)] ReadMemory at 0x1b8f9610720 of 132 bytes failed: Only part of a ReadProcessMemory or WriteProcessMemory request was completed. (0x12B)
[0601/170259.503:ERROR:process_memory_win.cc(73)] ReadMemory at 0x1b8f96112a0 of 132 bytes failed: Only part of a ReadProcessMemory or WriteProcessMemory request was completed. (0x12B)
[0601/170259.503:ERROR:process_memory_win.cc(73)] ReadMemory at 0x1b8f96120d0 of 54 bytes failed: Only part of a ReadProcessMemory or WriteProcessMemory request was completed. (0x12B)
[0601/170259.503:ERROR:process_memory_win.cc(73)] ReadMemory at 0x1b8f96135c0 of 132 bytes failed: Only part of a ReadProcessMemory or WriteProcessMemory request was completed. (0x12B)
[0601/170259.503:ERROR:process_memory_win.cc(73)] ReadMemory at 0x1b8f9614e90 of 132 bytes failed: Only part of a ReadProcessMemory or WriteProcessMemory request was completed. (0x12B)
[0601/170259.503:ERROR:process_memory_win.cc(73)] ReadMemory at 0x1b8f9616a30 of 132 bytes failed: Only part of a ReadProcessMemory or WriteProcessMemory request was completed. (0x12B)
[0601/170259.503:ERROR:process_memory_win.cc(73)] ReadMemory at 0x1b8f9616b60 of 132 bytes failed: Only part of a ReadProcessMemory or WriteProcessMemory request was completed. (0x12B)
[0601/170259.503:ERROR:process_memory_win.cc(73)] ReadMemory at 0x1b8f9616c90 of 132 bytes failed: Only part of a ReadProcessMemory or WriteProcessMemory request was completed. (0x12B)
[0601/170259.503:ERROR:process_memory_win.cc(73)] ReadMemory at 0x1b8f9616dc0 of 132 bytes failed: Only part of a ReadProcessMemory or WriteProcessMemory request was completed. (0x12B)
[0601/170259.504:ERROR:process_memory_win.cc(73)] ReadMemory at 0x1b8f9616ef0 of 132 bytes failed: Only part of a ReadProcessMemory or WriteProcessMemory request was completed. (0x12B)
[0601/170259.504:ERROR:process_memory_win.cc(73)] ReadMemory at 0x1b8f9617020 of 132 bytes failed: Only part of a ReadProcessMemory or WriteProcessMemory request was completed. (0x12B)
[0601/170259.504:ERROR:process_memory_win.cc(73)] ReadMemory at 0x1b8f9617150 of 132 bytes failed: Only part of a ReadProcessMemory or WriteProcessMemory request was completed. (0x12B)
[0601/170259.504:ERROR:process_memory_win.cc(73)] ReadMemory at 0x1b8f9617280 of 132 bytes failed: Only part of a ReadProcessMemory or WriteProcessMemory request was completed. (0x12B)
[0601/170259.504:ERROR:process_memory_win.cc(73)] ReadMemory at 0x1b8f96174e0 of 132 bytes failed: Only part of a ReadProcessMemory or WriteProcessMemory request was completed. (0x12B)
[0601/170259.504:ERROR:process_memory_win.cc(73)] ReadMemory at 0x1b8f9617610 of 132 bytes failed: Only part of a ReadProcessMemory or WriteProcessMemory request was completed. (0x12B)
[0601/170259.504:ERROR:process_memory_win.cc(73)] ReadMemory at 0x1b8f9617740 of 132 bytes failed: Only part of a ReadProcessMemory or WriteProcessMemory request was completed. (0x12B)
[0601/170259.504:ERROR:process_memory_win.cc(73)] ReadMemory at 0x1b8f9617870 of 132 bytes failed: Only part of a ReadProcessMemory or WriteProcessMemory request was completed. (0x12B)
[0601/170259.504:ERROR:process_memory_win.cc(73)] ReadMemory at 0x1b8f9618450 of 132 bytes failed: Only part of a ReadProcessMemory or WriteProcessMemory request was completed. (0x12B)
[0601/170259.504:ERROR:process_memory_win.cc(73)] ReadMemory at 0x1b8f9618580 of 132 bytes failed: Only part of a ReadProcessMemory or WriteProcessMemory request was completed. (0x12B)
[0601/170259.504:ERROR:process_memory_win.cc(73)] ReadMemory at 0x1b8f96186b0 of 132 bytes failed: Only part of a ReadProcessMemory or WriteProcessMemory request was completed. (0x12B)
[0601/170259.504:ERROR:process_memory_win.cc(73)] ReadMemory at 0x1b8f96187e0 of 132 bytes failed: Only part of a ReadProcessMemory or WriteProcessMemory request was completed. (0x12B)
[0601/170259.504:ERROR:process_memory_win.cc(73)] ReadMemory at 0x1b8f9618dd0 of 132 bytes failed: Only part of a ReadProcessMemory or WriteProcessMemory request was completed. (0x12B)
[0601/170259.505:ERROR:process_memory_win.cc(73)] ReadMemory at 0x1b8f9619290 of 132 bytes failed: Only part of a ReadProcessMemory or WriteProcessMemory request was completed. (0x12B)
[0601/170259.505:ERROR:process_memory_win.cc(73)] ReadMemory at 0x1b8f96193c0 of 132 bytes failed: Only part of a ReadProcessMemory or WriteProcessMemory request was completed. (0x12B)
[0601/170259.505:ERROR:process_memory_win.cc(73)] ReadMemory at 0x1b8f9619880 of 132 bytes failed: Only part of a ReadProcessMemory or WriteProcessMemory request was completed. (0x12B)
[0601/170259.505:ERROR:process_memory_win.cc(73)] ReadMemory at 0x1b8f96199b0 of 132 bytes failed: Only part of a ReadProcessMemory or WriteProcessMemory request was completed. (0x12B)
[0601/170259.505:ERROR:process_memory_win.cc(73)] ReadMemory at 0x1b8f9619fa0 of 132 bytes failed: Only part of a ReadProcessMemory or WriteProcessMemory request was completed. (0x12B)
[0601/170259.505:ERROR:process_memory_win.cc(73)] ReadMemory at 0x1b8f9631770 of 512 bytes failed: Only part of a ReadProcessMemory or WriteProcessMemory request was completed. (0x12B)
[0601/170259.505:ERROR:process_memory_win.cc(73)] ReadMemory at 0x1b8f9633130 of 512 bytes failed: Only part of a ReadProcessMemory or WriteProcessMemory request was completed. (0x12B)
[0601/170259.505:ERROR:process_memory_win.cc(73)] ReadMemory at 0xbd225e6f128 of 512 bytes failed: Only part of a ReadProcessMemory or WriteProcessMemory request was completed. (0x12B)
[0601/170259.505:ERROR:process_memory_win.cc(73)] ReadMemory at 0xdac8d16f8b0 of 512 bytes failed: Only part of a ReadProcessMemory or WriteProcessMemory request was completed. (0x12B)
[0601/170259.505:ERROR:process_memory_win.cc(73)] ReadMemory at 0x7764081a3239 of 512 bytes failed: Only part of a ReadProcessMemory or WriteProcessMemory request was completed. (0x12B)
[0601/170259.505:ERROR:process_memory_win.cc(73)] ReadMemory at 0x776408615655 of 512 bytes failed: Only part of a ReadProcessMemory or WriteProcessMemory request was completed. (0x12B)
[0601/170259.506:ERROR:process_memory_win.cc(73)] ReadMemory at 0x776408620fcd of 512 bytes failed: Only part of a ReadProcessMemory or WriteProcessMemory request was completed. (0x12B)
[0601/170259.506:ERROR:process_memory_win.cc(73)] ReadMemory at 0x776408e1b12c of 512 bytes failed: Only part of a ReadProcessMemory or WriteProcessMemory request was completed. (0x12B)
[0601/170259.506:ERROR:process_memory_win.cc(73)] ReadMemory at 0x7c72482137cc of 512 bytes failed: Only part of a ReadProcessMemory or WriteProcessMemory request was completed. (0x12B)
[0601/170259.506:ERROR:process_memory_win.cc(73)] ReadMemory at 0x7ffb4449f0f0 of 512 bytes failed: Only part of a ReadProcessMemory or WriteProcessMemory request was completed. (0x12B)
[0601/170259.506:ERROR:process_memory_win.cc(73)] ReadMemory at 0x7ffb45d28240 of 512 bytes failed: Only part of a ReadProcessMemory or WriteProcessMemory request was completed. (0x12B)
[0601/170259.506:ERROR:process_memory_win.cc(73)] ReadMemory at 0x7ffb6ee079a5 of 512 bytes failed: Only part of a ReadProcessMemory or WriteProcessMemory request was completed. (0x12B)
[0601/170259.507:ERROR:process_memory_win.cc(73)] ReadMemory at 0x7ffb6ee08180 of 512 bytes failed: Only part of a ReadProcessMemory or WriteProcessMemory request was completed. (0x12B)
[0601/170259.507:ERROR:process_memory_win.cc(73)] ReadMemory at 0x7ffb8d27c074 of 672 bytes failed: Only part of a ReadProcessMemory or WriteProcessMemory request was completed. (0x12B)
[0601/170259.507:ERROR:process_memory_win.cc(73)] ReadMemory at 0x7ffb8d27f924 of 608 bytes failed: Only part of a ReadProcessMemory or WriteProcessMemory request was completed. (0x12B)
[0601/170259.507:ERROR:process_memory_win.cc(73)] ReadMemory at 0x7ffb8d30c428 of 18 bytes failed: Only part of a ReadProcessMemory or WriteProcessMemory request was completed. (0x12B)
[0601/170259.507:ERROR:process_memory_win.cc(73)] ReadMemory at 0x7ffb8d33f4f8 of 40 bytes failed: Only part of a ReadProcessMemory or WriteProcessMemory request was completed. (0x12B)
[0601/170259.507:ERROR:process_memory_win.cc(73)] ReadMemory at 0x7ffb8d33f978 of 48 bytes failed: Only part of a ReadProcessMemory or WriteProcessMemory request was completed. (0x12B)
[0601/170259.507:ERROR:process_memory_win.cc(73)] ReadMemory at 0x7ffb8d3453c0 of 64 bytes failed: Only part of a ReadProcessMemory or WriteProcessMemory request was completed. (0x12B)
[0601/170259.510:ERROR:scoped_process_suspend.cc(40)] NtResumeProcess: An attempt was made to access an exiting process. (0xc000010a)
